This is pdfTeX, Version 3.14159265-2.6-1.40.15 (TeX Live 2014) (preloaded format=pdflatex 2014.9.3)  25 FEB 2015 19:50
entering extended mode
 restricted \write18 enabled.
 file:line:error style messages enabled.
 %&-line parsing enabled.
**socialmedia-richtlinie.tex
(./socialmedia-richtlinie.tex
LaTeX2e <2014/05/01>
Babel <3.9k> and hyphenation patterns for 78 languages loaded.

./socialmedia-richtlinie.tex:3: LaTeX Error: No counter 'section' defined.

See the LaTeX manual or LaTeX Companion for explanation.
Type  H <return>  for immediate help.
 ...                                              
                                                  
l.3 \setcounter{section}{0}
                           
? 
./socialmedia-richtlinie.tex:3: Emergency stop.
 ...                                              
                                                  
l.3 \setcounter{section}{0}
                           
Your command was ignored.
Type  I <command> <return>  to replace it with another command,
or  <return>  to continue without it.

 
Here is how much of TeX's memory you used:
 7 strings out of 493117
 333 string characters out of 6135434
 52909 words of memory out of 5000000
 3569 multiletter control sequences out of 15000+600000
 3640 words of font info for 14 fonts, out of 8000000 for 9000
 1141 hyphenation exceptions out of 8191
 5i,0n,4p,157b,16s stack positions out of 5000i,500n,10000p,200000b,80000s
./socialmedia-richtlinie.tex:3:  ==> Fatal error occurred, no output PDF file p
roduced!
